Ansys Lumerical 2024 R1 FDTD Solver Version 8.31.3633 (Windows 64bit)
 expires (month/day/year): 12/31/2035
using config file: Ansys Licensing set with ANSYSLMD_LICENSE_FILE
license host: 1055@localhost
current time: 周四 8月 15 11:52:15 2024
Running on host: MHLiuLGY
host available memory (GB): 6.485209
All processes are communicating and ready to proceed to simulation...
Running fsp file: C:\Program Files\Lumerical\v241\bin\fdtd-engine-msmpi.exe -t 1 -remote -shared-solve-license QU5TWVNfTElDRU5TSU5HX0NPTlRFWFRfREFUQT08QU5TWVNfTElDRU5TSU5HX0NPTlRFWFRfREFUQT48SUQ+YWJlYzQwMzMtMWRlYi00MzJhLWI1NGYtNzIzYjI1ZDBiMDc2PC9JRD48VFlQRT5IUENfUEFSQU1FVFJJQzwvVFlQRT48TkFNRT5IUEMgUGFyYW1ldHJpYzwvTkFNRT48SEFORExFUj41MDQxOEBNSExpdUxHWTwvSEFORExFUj48L0FOU1lTX0xJQ0VOU0lOR19DT05URVhUX0RBVEE+Cg== C:/Users/12556/Desktop/new/MS1/MS.fsp
Starting meshing
Simulation size in gridpoints: 1 x 514 x 1
Refined 0 mesh cells (0%)
Completed meshing!
Meshing complete in 0 seconds of CPU time
Starting meshing
Simulation size in gridpoints: 1 x 514 x 1
Refined 0 mesh cells (0%)
Completed meshing!
Meshing complete in 0 seconds of CPU time
Starting meshing
Simulation size in gridpoints: 1 x 514 x 1
Refined 0 mesh cells (0%)
Completed meshing!
Meshing complete in 0 seconds of CPU time
number of processors is 24
processors are distributed as: 6x4x1
Running 2D Simulation
Starting meshing
Simulation size in gridpoints: 1593 x 1737 x 1
Refined 0 mesh cells (0%)
Completed meshing!
Meshing complete in 0.90625 seconds of CPU time
544 544
Starting meshing
Simulation size in gridpoints: 1593 x 1737 x 1
Refined 0 mesh cells (0%)
Completed meshing!
Meshing complete in 0.5 seconds of CPU time
576 576
finished material properties
Selected kernel with optimization level: 2 and split-field propagation direction: 0
Starting meshing
Simulation size in gridpoints: 1593 x 1737 x 1
Refined 0 mesh cells (0%)
Completed meshing!
Meshing complete in 0.453125 seconds of CPU time
592 592
Selected kernel with optimization level: 2 and split-field propagation direction: 0
-----------------------------------------
Beginning initialization of 2D FDTD Simulation
  Including TE Simulation
Starting to add sources to simulation

Adding Mode source propagating in X
Starting to add boundary conditions to simulation
Adding PML BC
Adding parallel BC
Adding PML BC
Adding parallel BC
Starting to add monitors to Simulation
Adding analysis monitor
Adding frequency monitor
Finished initialization of 2D Simulation
-----------------------------------------
All processes are communicating and ready to proceed to simulation...
Starting 350683 total iterations
0.00912505% complete. Elapsed simulation time: 4.56252e-15 secs. Max time remaining: 7 hrs, 44 mins, 52 secs. Auto Shutoff: 1
1.01288% complete. Elapsed simulation time: 5.0644e-13 secs. Max time remaining: 8 hrs, 8 mins, 31 secs. Auto Shutoff: 0.987102
1.90257% complete. Elapsed simulation time: 9.51286e-13 secs. Max time remaining: 8 hrs, 35 mins, 36 secs. Auto Shutoff: 0.974808
2.79226% complete. Elapsed simulation time: 1.39613e-12 secs. Max time remaining: 8 hrs, 42 mins, 32 secs. Auto Shutoff: 0.962272
3.67739% complete. Elapsed simulation time: 1.8387e-12 secs. Max time remaining: 8 hrs, 44 mins, 31 secs. Auto Shutoff: 0.949897
4.55796% complete. Elapsed simulation time: 2.27898e-12 secs. Max time remaining: 8 hrs, 44 mins, 23 secs. Auto Shutoff: 0.93768
5.43853% complete. Elapsed simulation time: 2.71926e-12 secs. Max time remaining: 8 hrs, 42 mins, 39 secs. Auto Shutoff: 0.926006
6.32822% complete. Elapsed simulation time: 3.16411e-12 secs. Max time remaining: 8 hrs, 39 mins, 16 secs. Auto Shutoff: 0.914092
7.20879% complete. Elapsed simulation time: 3.60439e-12 secs. Max time remaining: 8 hrs, 35 mins, 58 secs. Auto Shutoff: 0.902332
8.09392% complete. Elapsed simulation time: 4.04696e-12 secs. Max time remaining: 8 hrs, 31 mins, 58 secs. Auto Shutoff: 0.891101
8.97448% complete. Elapsed simulation time: 4.48724e-12 secs. Max time remaining: 8 hrs, 28 mins, 15 secs. Auto Shutoff: 0.879643
9.85961% complete. Elapsed simulation time: 4.92981e-12 secs. Max time remaining: 8 hrs, 24 mins, 2 secs. Auto Shutoff: 0.868329
10.7356% complete. Elapsed simulation time: 5.36781e-12 secs. Max time remaining: 8 hrs, 19 mins, 58 secs. Auto Shutoff: 0.0455293
11.6162% complete. Elapsed simulation time: 5.80809e-12 secs. Max time remaining: 8 hrs, 15 mins, 34 secs. Auto Shutoff: 0.0441886
12.4922% complete. Elapsed simulation time: 6.24609e-12 secs. Max time remaining: 8 hrs, 11 mins, 22 secs. Auto Shutoff: 0.0435271
13.3682% complete. Elapsed simulation time: 6.6841e-12 secs. Max time remaining: 8 hrs, 7 mins, 5 secs. Auto Shutoff: 0.0428788
14.2305% complete. Elapsed simulation time: 7.11526e-12 secs. Max time remaining: 8 hrs, 3 mins, 10 secs. Auto Shutoff: 0.0423327
15.1111% complete. Elapsed simulation time: 7.55554e-12 secs. Max time remaining: 7 hrs, 58 mins, 32 secs. Auto Shutoff: 0.0415791
15.9962% complete. Elapsed simulation time: 7.9981e-12 secs. Max time remaining: 7 hrs, 53 mins, 42 secs. Auto Shutoff: 0.0409638
16.8859% complete. Elapsed simulation time: 8.44295e-12 secs. Max time remaining: 7 hrs, 48 mins, 39 secs. Auto Shutoff: 0.0402908
17.7596% complete. Elapsed simulation time: 8.87981e-12 secs. Max time remaining: 7 hrs, 44 mins, 12 secs. Auto Shutoff: 0.0396844
18.6219% complete. Elapsed simulation time: 9.31097e-12 secs. Max time remaining: 7 hrs, 39 mins, 58 secs. Auto Shutoff: 0.0391552
19.4592% complete. Elapsed simulation time: 9.72958e-12 secs. Max time remaining: 7 hrs, 36 mins, 21 secs. Auto Shutoff: 0.0386938
20.3169% complete. Elapsed simulation time: 1.01585e-11 secs. Max time remaining: 7 hrs, 32 mins, 6 secs. Auto Shutoff: 0.0381696
21.161% complete. Elapsed simulation time: 1.05805e-11 secs. Max time remaining: 7 hrs, 28 mins, 11 secs. Auto Shutoff: 0.00754571
22.0142% complete. Elapsed simulation time: 1.10071e-11 secs. Max time remaining: 7 hrs, 23 mins, 53 secs. Auto Shutoff: 0.00262827
22.8993% complete. Elapsed simulation time: 1.14497e-11 secs. Max time remaining: 7 hrs, 18 mins, 45 secs. Auto Shutoff: 0.00219468
23.7936% complete. Elapsed simulation time: 1.18968e-11 secs. Max time remaining: 7 hrs, 13 mins, 25 secs. Auto Shutoff: 0.00208487
24.7563% complete. Elapsed simulation time: 1.23781e-11 secs. Max time remaining: 7 hrs, 6 mins, 34 secs. Auto Shutoff: 0.00203588
25.6939% complete. Elapsed simulation time: 1.28469e-11 secs. Max time remaining: 7 hrs, 22 secs. Auto Shutoff: 0.00198547
26.6611% complete. Elapsed simulation time: 1.33306e-11 secs. Max time remaining: 6 hrs, 53 mins, 36 secs. Auto Shutoff: 0.00189957
27.6626% complete. Elapsed simulation time: 1.38313e-11 secs. Max time remaining: 6 hrs, 45 mins, 31 secs. Auto Shutoff: 0.00184195
28.5477% complete. Elapsed simulation time: 1.42739e-11 secs. Max time remaining: 6 hrs, 40 mins, 43 secs. Auto Shutoff: 0.00178894
29.4123% complete. Elapsed simulation time: 1.47062e-11 secs. Max time remaining: 6 hrs, 36 mins, 14 secs. Auto Shutoff: 0.00174989
30.2587% complete. Elapsed simulation time: 1.51293e-11 secs. Max time remaining: 6 hrs, 32 mins, 8 secs. Auto Shutoff: 0.00172293
31.1415% complete. Elapsed simulation time: 1.55708e-11 secs. Max time remaining: 6 hrs, 27 mins, 18 secs. Auto Shutoff: 0.00168275
31.9559% complete. Elapsed simulation time: 1.5978e-11 secs. Max time remaining: 6 hrs, 23 mins, 39 secs. Auto Shutoff: 0.000200206
32.7498% complete. Elapsed simulation time: 1.63749e-11 secs. Max time remaining: 6 hrs, 20 mins, 17 secs. Auto Shutoff: 0.000164745
33.619% complete. Elapsed simulation time: 1.68095e-11 secs. Max time remaining: 6 hrs, 15 mins, 33 secs. Auto Shutoff: 0.000140023
34.4972% complete. Elapsed simulation time: 1.72486e-11 secs. Max time remaining: 6 hrs, 10 mins, 39 secs. Auto Shutoff: 0.000124836
35.3778% complete. Elapsed simulation time: 1.76889e-11 secs. Max time remaining: 6 hrs, 5 mins, 43 secs. Auto Shutoff: 0.000111424
36.2515% complete. Elapsed simulation time: 1.81258e-11 secs. Max time remaining: 6 hrs, 54 secs. Auto Shutoff: 0.000106405
37.1321% complete. Elapsed simulation time: 1.8566e-11 secs. Max time remaining: 5 hrs, 55 mins, 57 secs. Auto Shutoff: 0.000100166
38.0127% complete. Elapsed simulation time: 1.90063e-11 secs. Max time remaining: 5 hrs, 51 mins, 0 secs. Auto Shutoff: 9.60314e-05
38.8978% complete. Elapsed simulation time: 1.94489e-11 secs. Max time remaining: 5 hrs, 46 mins, 0 secs. Auto Shutoff: 9.05804e-05
39.7829% complete. Elapsed simulation time: 1.98915e-11 secs. Max time remaining: 5 hrs, 41 mins, 0 secs. Auto Shutoff: 8.71554e-05
40.6635% complete. Elapsed simulation time: 2.03317e-11 secs. Max time remaining: 5 hrs, 36 mins, 3 secs. Auto Shutoff: 8.4406e-05
41.5441% complete. Elapsed simulation time: 2.0772e-11 secs. Max time remaining: 5 hrs, 31 mins, 5 secs. Auto Shutoff: 9.01154e-05
42.4292% complete. Elapsed simulation time: 2.12146e-11 secs. Max time remaining: 5 hrs, 26 mins, 5 secs. Auto Shutoff: 2.05377e-05
43.4078% complete. Elapsed simulation time: 2.17039e-11 secs. Max time remaining: 5 hrs, 19 mins, 52 secs. Auto Shutoff: 1.44962e-05
44.3614% complete. Elapsed simulation time: 2.21807e-11 secs. Max time remaining: 5 hrs, 14 mins, 0 secs. Auto Shutoff: 1.3268e-05
45.3652% complete. Elapsed simulation time: 2.26826e-11 secs. Max time remaining: 5 hrs, 7 mins, 25 secs. Auto Shutoff: 1.16813e-05
46.3689% complete. Elapsed simulation time: 2.31845e-11 secs. Max time remaining: 5 hrs, 39 secs. Auto Shutoff: 1.11474e-05
100% complete. Max time remaining: 0 mins, 0 secs. Auto Shutoff: 9.89352e-06
Early termination of simulation, the autoshutoff criteria are satisfied.
Completed 164536 iterations, or 2.345935e-11s of Simulation Time
Process 0 starting to collect data
    collecting TM monitor data
    collecting TE monitor data
    collecting TM source data
    collecting TE source data
Finished collecting data
Simulation completed successfully at: 周四 8月 15 16:15:03 2024
Overall wall time measurements in seconds: 15768.8
    time to mesh and initialize: 13.348
    time to run FDTD simulation: 15754.4
    time to checkpoint simulation: 0
    time to finalize data and save to files: 0.0932534
    miscellaneous time: 0.920482
    FDTD solver speed on process 0: 28.8984 Mnodes/s
    total FDTD solver speed on 24 processes: 693.562 Mnodes/s
